<?xml version="1.0" encoding="UTF-8"?>
<!-- Generated by org.testng.reporters.JUnitReportReporter -->
<testsuite hostname="vinaykumar" failures="0" tests="2" name="AutomatedTests" time="79.020" errors="0" timestamp="2022-12-07T15:20:25 IST" skipped="0">
  <testcase classname="AutomatedTests" name="scenario1Test" time="21.639"/>
  <system-out/>
  <testcase classname="AutomatedTests" name="scenario2Test" time="57.381"/>
  <system-out/>
</testsuite> <!-- AutomatedTests -->
